<?xml version="1.0" encoding="UTF-8"?>
<testsuite name="com.example.products.ProductsApplicationTests" tests="1" skipped="0" failures="0" errors="0" timestamp="2026-02-06T22:33:55.324Z" hostname="Alfredos-MacBook-Pro.local" time="4.838">
  <properties/>
  <testcase name="contextLoads()" classname="com.example.products.ProductsApplicationTests" time="0.422"/>
  <system-out><![CDATA[17:33:55.517 [Test worker] INFO org.springframework.test.context.support.AnnotationConfigContextLoaderUtils -- Could not detect default configuration classes for test class [com.example.products.ProductsApplicationTests]: ProductsApplicationTests does not declare any static, non-private, non-final, nested classes annotated with @Configuration.
17:33:55.633 [Test worker] INFO org.springframework.boot.test.context.SpringBootTestContextBootstrapper -- Found @SpringBootConfiguration com.example.products.ProductsApplication for test class com.example.products.ProductsApplicationTests

  .   ____          _            __ _ _
 /\\ / ___'_ __ _ _(_)_ __  __ _ \ \ \ \
( ( )\___ | '_ | '_| | '_ \/ _` | \ \ \ \
 \\/  ___)| |_)| | | | | || (_| |  ) ) ) )
  '  |____| .__|_| |_|_| |_\__, | / / / /
 =========|_|==============|___/=/_/_/_/

 :: Spring Boot ::                (v4.0.2)

2026-02-06T17:33:56.049-05:00  INFO 20183 --- [demo2] [    Test worker] c.e.products.ProductsApplicationTests    : Starting ProductsApplicationTests using Java 17.0.14 with PID 20183 (started by alfredobenaute in /Users/alfredobenaute/IdeaProjects/demo2)
2026-02-06T17:33:56.051-05:00  INFO 20183 --- [demo2] [    Test worker] c.e.products.ProductsApplicationTests    : No active profile set, falling back to 1 default profile: "default"
2026-02-06T17:33:56.749-05:00  INFO 20183 --- [demo2] [    Test worker] .s.d.r.c.RepositoryConfigurationDelegate : Bootstrapping Spring Data JPA repositories in DEFAULT mode.
2026-02-06T17:33:56.802-05:00  INFO 20183 --- [demo2] [    Test worker] .s.d.r.c.RepositoryConfigurationDelegate : Finished Spring Data repository scanning in 42 ms. Found 1 JPA repository interface.
2026-02-06T17:33:57.187-05:00  INFO 20183 --- [demo2] [    Test worker] org.hibernate.orm.jpa                    : HHH008540: Processing PersistenceUnitInfo [name: default]
2026-02-06T17:33:57.256-05:00  INFO 20183 --- [demo2] [    Test worker] org.hibernate.orm.core                   : HHH000001: Hibernate ORM core version 7.2.1.Final
2026-02-06T17:33:57.764-05:00  INFO 20183 --- [demo2] [    Test worker] o.s.o.j.p.SpringPersistenceUnitInfo      : No LoadTimeWeaver setup: ignoring JPA class transformer
2026-02-06T17:33:57.799-05:00  INFO 20183 --- [demo2] [    Test worker] com.zaxxer.hikari.HikariDataSource       : HikariPool-1 - Starting...
2026-02-06T17:33:57.964-05:00  INFO 20183 --- [demo2] [    Test worker] com.zaxxer.hikari.pool.HikariPool        : HikariPool-1 - Added connection conn0: url=jdbc:h2:mem:productsdb user=SA
2026-02-06T17:33:57.966-05:00  INFO 20183 --- [demo2] [    Test worker] com.zaxxer.hikari.HikariDataSource       : HikariPool-1 - Start completed.
2026-02-06T17:33:57.991-05:00  WARN 20183 --- [demo2] [    Test worker] org.hibernate.orm.deprecation            : HHH90000025: H2Dialect does not need to be specified explicitly using 'hibernate.dialect' (remove the property setting and it will be selected by default)
2026-02-06T17:33:58.016-05:00  INFO 20183 --- [demo2] [    Test worker] org.hibernate.orm.connections.pooling    : HHH10001005: Database info:
	Database JDBC URL [jdbc:h2:mem:productsdb]
	Database driver: H2 JDBC Driver
	Database dialect: H2Dialect
	Database version: 2.4.240
	Default catalog/schema: PRODUCTSDB/PUBLIC
	Autocommit mode: undefined/unknown
	Isolation level: READ_COMMITTED [default READ_COMMITTED]
	JDBC fetch size: 100
	Pool: DataSourceConnectionProvider
	Minimum pool size: undefined/unknown
	Maximum pool size: undefined/unknown
2026-02-06T17:33:58.914-05:00  INFO 20183 --- [demo2] [    Test worker] org.hibernate.orm.core                   : HHH000489: No JTA platform available (set 'hibernate.transaction.jta.platform' to enable JTA platform integration)
Hibernate: 
    create table products (
        id bigint generated by default as identity,
        active boolean not null,
        created_at timestamp(6) with time zone not null,
        description varchar(1000),
        name varchar(120) not null,
        price numeric(38,2) not null,
        sku varchar(64),
        updated_at timestamp(6) with time zone,
        primary key (id)
    )
Hibernate: 
    alter table if exists products 
       drop constraint if exists UKfhmd06dsmj6k0n90swsh8ie9g
Hibernate: 
    alter table if exists products 
       add constraint UKfhmd06dsmj6k0n90swsh8ie9g unique (sku)
2026-02-06T17:33:58.982-05:00  INFO 20183 --- [demo2] [    Test worker] j.LocalContainerEntityManagerFactoryBean : Initialized JPA EntityManagerFactory for persistence unit 'default'
2026-02-06T17:33:59.080-05:00  INFO 20183 --- [demo2] [    Test worker] o.s.d.j.r.query.QueryEnhancerFactories   : Hibernate is in classpath; If applicable, HQL parser will be used.
2026-02-06T17:33:59.263-05:00  WARN 20183 --- [demo2] [    Test worker] JpaBaseConfiguration$JpaWebConfiguration : spring.jpa.open-in-view is enabled by default. Therefore, database queries may be performed during view rendering. Explicitly configure spring.jpa.open-in-view to disable this warning
2026-02-06T17:33:59.727-05:00  INFO 20183 --- [demo2] [    Test worker] c.e.products.ProductsApplicationTests    : Started ProductsApplicationTests in 3.934 seconds (process running for 5.33)
]]></system-out>
  <system-err><![CDATA[]]></system-err>
</testsuite>
